app/build/intermediates/manifest_merge_blame_file/release/manifest-merger-blame-release-report.txt
1<?xml version="1.0" encoding="utf-8"?>
2<!--
3    Copyright 2019 Google Inc. All Rights Reserved.
4
5     Licensed under the Apache License, Version 2.0 (the "License");
6     you may not use this file except in compliance with the License.
7     You may obtain a copy of the License at
8
9         http://www.apache.org/licenses/LICENSE-2.0
10
11     Unless required by applicable law or agreed to in writing, software
12     distributed under the License is distributed on an "AS IS" BASIS,
13     WITHOUT WARRANTIES OR CONDITIONS OF ANY KIND, either express or implied.
14     See the License for the specific language governing permissions and
15     limitations under the License.
16-->
17<!--
18 The "package" attribute is rewritten by the Gradle build with the value of applicationId.
19     It is still required here, as it is used to derive paths, for instance when referring
20     to an Activity by ".MyActivity" instead of the full name. If more Activities are added to the
21     application, the package attribute will need to reflect the correct path in order to use
22     the abbreviated format.
23-->
24<manifest xmlns:android="http://schemas.android.com/apk/res/android"
25    package="fyi.ferry"
26    android:versionCode="4"
27    android:versionName="2.5" >
28
29    <uses-sdk
30        android:minSdkVersion="19"
30-->src/main/AndroidManifest.xml
31        android:targetSdkVersion="31" />
31-->src/main/AndroidManifest.xml
32
33    <uses-permission android:name="android.permission.INTERNET" />
33-->src/main/AndroidManifest.xml:26:9-70
33-->src/main/AndroidManifest.xml:26:26-68
34    <uses-permission android:name="android.permission.ACCESS_FINE_LOCATION" />
34-->[com.google.androidbrowserhelper:locationdelegation:1.0.1] AndroidManifest.xml:11:5-79
34-->[com.google.androidbrowserhelper:locationdelegation:1.0.1] AndroidManifest.xml:11:22-76
35
36    <queries>
36-->[com.google.androidbrowserhelper:androidbrowserhelper:2.3.0] AndroidManifest.xml:26:5-34:15
37        <intent>
37-->[com.google.androidbrowserhelper:androidbrowserhelper:2.3.0] AndroidManifest.xml:27:9-33:18
38            <action android:name="android.intent.action.VIEW" />
38-->src/main/AndroidManifest.xml:117:17-68
38-->src/main/AndroidManifest.xml:117:25-66
39
40            <category android:name="android.intent.category.BROWSABLE" />
40-->src/main/AndroidManifest.xml:119:17-77
40-->src/main/AndroidManifest.xml:119:27-75
41
42            <data android:scheme="https" />
42-->src/main/AndroidManifest.xml:120:17-121:54
42-->src/main/AndroidManifest.xml:120:23-45
43        </intent>
44    </queries>
45
46    <application
46-->src/main/AndroidManifest.xml:31:5-163:19
47        android:name="fyi.ferry.Application"
47-->src/main/AndroidManifest.xml:32:9-35
48        android:allowBackup="true"
48-->src/main/AndroidManifest.xml:33:9-35
49        android:appComponentFactory="androidx.core.app.CoreComponentFactory"
49-->[androidx.core:core:1.1.0] AndroidManifest.xml:24:18-86
50        android:icon="@mipmap/ic_launcher"
50-->src/main/AndroidManifest.xml:34:9-43
51        android:label="@string/appName"
51-->src/main/AndroidManifest.xml:35:9-40
52        android:supportsRtl="true"
52-->src/main/AndroidManifest.xml:37:9-35
53        android:theme="@android:style/Theme.Translucent.NoTitleBar" >
53-->src/main/AndroidManifest.xml:38:9-68
54        <meta-data
54-->src/main/AndroidManifest.xml:40:9-42:58
55            android:name="asset_statements"
55-->src/main/AndroidManifest.xml:41:13-44
56            android:resource="@string/assetStatements" />
56-->src/main/AndroidManifest.xml:42:13-55
57        <meta-data
57-->src/main/AndroidManifest.xml:45:13-47:58
58            android:name="web_manifest_url"
58-->src/main/AndroidManifest.xml:46:17-48
59            android:value="@string/webManifestUrl" />
59-->src/main/AndroidManifest.xml:47:17-55
60        <meta-data
60-->src/main/AndroidManifest.xml:50:9-52:52
61            android:name="twa_generator"
61-->src/main/AndroidManifest.xml:51:13-41
62            android:value="@string/generatorApp" />
62-->src/main/AndroidManifest.xml:52:13-49
63
64        <activity
64-->src/main/AndroidManifest.xml:56:9-125:20
65            android:name="fyi.ferry.LauncherActivity"
65-->src/main/AndroidManifest.xml:56:19-50
66            android:alwaysRetainTaskState="true"
66-->src/main/AndroidManifest.xml:57:13-49
67            android:exported="true"
67-->src/main/AndroidManifest.xml:59:13-36
68            android:label="@string/launcherName" >
68-->src/main/AndroidManifest.xml:58:13-49
69            <meta-data
69-->src/main/AndroidManifest.xml:60:13-61:53
70                android:name="android.support.customtabs.trusted.DEFAULT_URL"
70-->src/main/AndroidManifest.xml:60:24-85
71                android:value="@string/launchUrl" />
71-->src/main/AndroidManifest.xml:61:17-50
72            <meta-data
72-->src/main/AndroidManifest.xml:63:13-65:58
73                android:name="android.support.customtabs.trusted.STATUS_BAR_COLOR"
73-->src/main/AndroidManifest.xml:64:17-83
74                android:resource="@color/colorPrimary" />
74-->src/main/AndroidManifest.xml:65:17-55
75            <meta-data
75-->src/main/AndroidManifest.xml:67:13-69:61
76                android:name="android.support.customtabs.trusted.NAVIGATION_BAR_COLOR"
76-->src/main/AndroidManifest.xml:68:17-87
77                android:resource="@color/navigationColor" />
77-->src/main/AndroidManifest.xml:69:17-58
78            <meta-data
78-->src/main/AndroidManifest.xml:71:13-73:65
79                android:name="android.support.customtabs.trusted.NAVIGATION_BAR_COLOR_DARK"
79-->src/main/AndroidManifest.xml:72:17-92
80                android:resource="@color/navigationColorDark" />
80-->src/main/AndroidManifest.xml:73:17-62
81            <meta-data
81-->src/main/AndroidManifest.xml:75:13-77:68
82                android:name="androix.browser.trusted.NAVIGATION_BAR_DIVIDER_COLOR"
82-->src/main/AndroidManifest.xml:76:17-84
83                android:resource="@color/navigationDividerColor" />
83-->src/main/AndroidManifest.xml:77:17-65
84            <meta-data
84-->src/main/AndroidManifest.xml:79:13-81:72
85                android:name="androix.browser.trusted.NAVIGATION_BAR_DIVIDER_COLOR_DARK"
85-->src/main/AndroidManifest.xml:80:17-89
86                android:resource="@color/navigationDividerColorDark" />
86-->src/main/AndroidManifest.xml:81:17-69
87            <meta-data
87-->src/main/AndroidManifest.xml:83:13-84:54
88                android:name="android.support.customtabs.trusted.SPLASH_IMAGE_DRAWABLE"
88-->src/main/AndroidManifest.xml:83:24-95
89                android:resource="@drawable/splash" />
89-->src/main/AndroidManifest.xml:84:17-52
90            <meta-data
90-->src/main/AndroidManifest.xml:86:13-87:60
91                android:name="android.support.customtabs.trusted.SPLASH_SCREEN_BACKGROUND_COLOR"
91-->src/main/AndroidManifest.xml:86:24-104
92                android:resource="@color/backgroundColor" />
92-->src/main/AndroidManifest.xml:87:17-58
93            <meta-data
93-->src/main/AndroidManifest.xml:89:13-90:71
94                android:name="android.support.customtabs.trusted.SPLASH_SCREEN_FADE_OUT_DURATION"
94-->src/main/AndroidManifest.xml:89:24-105
95                android:value="@integer/splashScreenFadeOutDuration" />
95-->src/main/AndroidManifest.xml:90:17-69
96            <meta-data
96-->src/main/AndroidManifest.xml:92:13-93:60
97                android:name="android.support.customtabs.trusted.FILE_PROVIDER_AUTHORITY"
97-->src/main/AndroidManifest.xml:92:24-97
98                android:value="@string/providerAuthority" />
98-->src/main/AndroidManifest.xml:93:17-58
99            <meta-data
99-->src/main/AndroidManifest.xml:95:13-97
100                android:name="android.app.shortcuts"
100-->src/main/AndroidManifest.xml:95:24-60
101                android:resource="@xml/shortcuts" />
101-->src/main/AndroidManifest.xml:95:61-94
102            <meta-data
102-->src/main/AndroidManifest.xml:97:13-98:56
103                android:name="android.support.customtabs.trusted.FALLBACK_STRATEGY"
103-->src/main/AndroidManifest.xml:97:24-91
104                android:value="@string/fallbackType" />
104-->src/main/AndroidManifest.xml:98:17-53
105            <meta-data
105-->src/main/AndroidManifest.xml:104:13-105:54
106                android:name="android.support.customtabs.trusted.SCREEN_ORIENTATION"
106-->src/main/AndroidManifest.xml:104:24-92
107                android:value="@string/orientation" />
107-->src/main/AndroidManifest.xml:105:17-52
108
109            <intent-filter>
109-->src/main/AndroidManifest.xml:111:13-114:29
110                <action android:name="android.intent.action.MAIN" />
110-->src/main/AndroidManifest.xml:112:17-69
110-->src/main/AndroidManifest.xml:112:25-66
111
112                <category android:name="android.intent.category.LAUNCHER" />
112-->src/main/AndroidManifest.xml:113:17-77
112-->src/main/AndroidManifest.xml:113:27-74
113            </intent-filter>
114            <intent-filter android:autoVerify="true" >
114-->src/main/AndroidManifest.xml:116:13-122:29
114-->src/main/AndroidManifest.xml:116:28-53
115                <action android:name="android.intent.action.VIEW" />
115-->src/main/AndroidManifest.xml:117:17-68
115-->src/main/AndroidManifest.xml:117:25-66
116
117                <category android:name="android.intent.category.DEFAULT" />
117-->src/main/AndroidManifest.xml:118:17-76
117-->src/main/AndroidManifest.xml:118:27-73
118                <category android:name="android.intent.category.BROWSABLE" />
118-->src/main/AndroidManifest.xml:119:17-77
118-->src/main/AndroidManifest.xml:119:27-75
119
120                <data
120-->src/main/AndroidManifest.xml:120:17-121:54
121                    android:host="@string/hostName"
121-->src/main/AndroidManifest.xml:121:21-52
122                    android:scheme="https" />
122-->src/main/AndroidManifest.xml:120:23-45
123            </intent-filter>
124        </activity>
125        <activity android:name="com.google.androidbrowserhelper.trusted.FocusActivity" />
125-->src/main/AndroidManifest.xml:127:9-90
125-->src/main/AndroidManifest.xml:127:19-87
126        <activity
126-->src/main/AndroidManifest.xml:129:9-130:62
127            android:name="com.google.androidbrowserhelper.trusted.WebViewFallbackActivity"
127-->src/main/AndroidManifest.xml:129:19-97
128            android:configChanges="orientation|screenSize" />
128-->src/main/AndroidManifest.xml:130:13-59
129
130        <provider
130-->src/main/AndroidManifest.xml:132:9-140:20
131            android:name="androidx.core.content.FileProvider"
131-->src/main/AndroidManifest.xml:133:13-62
132            android:authorities="@string/providerAuthority"
132-->src/main/AndroidManifest.xml:134:13-60
133            android:exported="false"
133-->src/main/AndroidManifest.xml:136:13-37
134            android:grantUriPermissions="true" >
134-->src/main/AndroidManifest.xml:135:13-47
135            <meta-data
135-->src/main/AndroidManifest.xml:137:13-139:53
136                android:name="android.support.FILE_PROVIDER_PATHS"
136-->src/main/AndroidManifest.xml:138:17-67
137                android:resource="@xml/filepaths" />
137-->src/main/AndroidManifest.xml:139:17-50
138        </provider>
139
140        <service
140-->src/main/AndroidManifest.xml:142:9-157:19
141            android:name="fyi.ferry.DelegationService"
141-->src/main/AndroidManifest.xml:143:13-46
142            android:enabled="@bool/enableNotification"
142-->src/main/AndroidManifest.xml:144:13-55
143            android:exported="@bool/enableNotification" >
143-->src/main/AndroidManifest.xml:145:13-56
144            <meta-data
144-->src/main/AndroidManifest.xml:148:17-150:73
145                android:name="android.support.customtabs.trusted.SMALL_ICON"
145-->src/main/AndroidManifest.xml:149:21-81
146                android:resource="@drawable/ic_notification_icon" />
146-->src/main/AndroidManifest.xml:150:21-70
147
148            <intent-filter>
148-->src/main/AndroidManifest.xml:153:13-156:29
149                <action android:name="android.support.customtabs.trusted.TRUSTED_WEB_ACTIVITY_SERVICE" />
149-->src/main/AndroidManifest.xml:154:17-105
149-->src/main/AndroidManifest.xml:154:25-103
150
151                <category android:name="android.intent.category.DEFAULT" />
151-->src/main/AndroidManifest.xml:118:17-76
151-->src/main/AndroidManifest.xml:118:27-73
152            </intent-filter>
153        </service>
154
155        <activity android:name="com.google.androidbrowserhelper.locationdelegation.PermissionRequestActivity" />
155-->src/main/AndroidManifest.xml:160:13-161:89
155-->src/main/AndroidManifest.xml:160:23-123
156        <activity
156-->[com.google.android.gms:play-services-base:17.0.0] AndroidManifest.xml:23:9-26:75
157            android:name="com.google.android.gms.common.api.GoogleApiActivity"
157-->[com.google.android.gms:play-services-base:17.0.0] AndroidManifest.xml:24:13-79
158            android:exported="false"
158-->[com.google.android.gms:play-services-base:17.0.0] AndroidManifest.xml:25:13-37
159            android:theme="@android:style/Theme.Translucent.NoTitleBar" />
159-->[com.google.android.gms:play-services-base:17.0.0] AndroidManifest.xml:26:13-72
160
161        <meta-data
161-->[com.google.android.gms:play-services-basement:17.0.0] AndroidManifest.xml:23:9-25:69
162            android:name="com.google.android.gms.version"
162-->[com.google.android.gms:play-services-basement:17.0.0] AndroidManifest.xml:24:13-58
163            android:value="@integer/google_play_services_version" />
163-->[com.google.android.gms:play-services-basement:17.0.0] AndroidManifest.xml:25:13-66
164    </application>
165
166</manifest>